#
# There is insufficient memory for the Java Runtime Environment to continue.
# Native memory allocation (mmap) failed to map 257949696 bytes. Error detail: G1 virtual space
# Possible reasons:
#   The system is out of physical RAM or swap space
#   This process is running with CompressedOops enabled, and the Java Heap may be blocking the growth of the native heap
# Possible solutions:
#   Reduce memory load on the system
#   Increase physical memory or swap space
#   Check if swap backing store is full
#   Decrease Java heap size (-Xmx/-Xms)
#   Decrease number of Java threads
#   Decrease Java thread stack sizes (-Xss)
#   Set larger code cache with -XX:ReservedCodeCacheSize=
#   JVM is running with Zero Based Compressed Oops mode in which the Java heap is
#     placed in the first 32GB address space. The Java Heap base address is the
#     maximum limit for the native heap growth. Please use -XX:HeapBaseMinAddress
#     to set the Java Heap base and to place the Java Heap above 32GB virtual address.
# This output file may be truncated or incomplete.
#
#  Out of Memory Error (os_windows.cpp:3898), pid=22660, tid=19220
#
# JRE version:  (21.0.7+9) (build )
# Java VM: OpenJDK 64-Bit Server VM (21.0.7+9-b895.130, mixed mode, sharing, tiered, compressed oops, compressed class ptrs, g1 gc, windows-amd64)
# No core dump will be written. Minidumps are not enabled by default on client versions of Windows
#

---------------  S U M M A R Y ------------

Command Line: git4idea.http.GitAskPassApp Username for 'https://gitlink.org.cn': 

Host: AMD Ryzen 5 4600U with Radeon Graphics         , 12 cores, 15G,  Windows 11 , 64 bit Build 26100 (10.0.26100.7309)
Time: Wed Jan 21 15:45:08 2026  Windows 11 , 64 bit Build 26100 (10.0.26100.7309) elapsed time: 0.030692 seconds (0d 0h 0m 0s)

---------------  T H R E A D  ---------------

Current thread (0x00000294df602130):  JavaThread "Unknown thread" [_thread_in_vm, id=19220, stack(0x000000c4b0600000,0x000000c4b0700000) (1024K)]

Stack: [0x000000c4b0600000,0x000000c4b0700000]
Native frames: (J=compiled Java code, j=interpreted, Vv=VM code, C=native code)
V  [jvm.dll+0x6e6049]
V  [jvm.dll+0x8c4343]
V  [jvm.dll+0x8c689e]
V  [jvm.dll+0x8c6f83]
V  [jvm.dll+0x289266]
V  [jvm.dll+0x6e28c5]
V  [jvm.dll+0x6d634a]
V  [jvm.dll+0x36388b]
V  [jvm.dll+0x36b456]
V  [jvm.dll+0x3bd7e6]
V  [jvm.dll+0x3bdab8]
V  [jvm.dll+0x335fdc]
V  [jvm.dll+0x336ccb]
V  [jvm.dll+0x88b7a9]
V  [jvm.dll+0x3ca9b8]
V  [jvm.dll+0x8747f8]
V  [jvm.dll+0x45f3ce]
V  [jvm.dll+0x4610b1]
C  [jli.dll+0x52ab]
C  [ucrtbase.dll+0x37b0]
C  [KERNEL32.DLL+0x2e8d7]
C  [ntdll.dll+0x8c53c]


---------------  P R O C E S S  ---------------

Threads class SMR info:
_java_thread_list=0x00007ffc5b6fb148, length=0, elements={
}

Java Threads: ( => current thread )
Total: 0

Other Threads:
  0x00000294e1961580 WorkerThread "GC Thread#0"                     [id=21520, stack(0x000000c4b0700000,0x000000c4b0800000) (1024K)]
  0x00000294e1971b60 ConcurrentGCThread "G1 Main Marker"            [id=1976, stack(0x000000c4b0800000,0x000000c4b0900000) (1024K)]
  0x00000294e1974390 WorkerThread "G1 Conc#0"                       [id=2232, stack(0x000000c4b0900000,0x000000c4b0a00000) (1024K)]

[error occurred during error reporting (printing all threads), id 0xc0000005, EXCEPTION_ACCESS_VIOLATION (0xc0000005) at pc=0x00007ffc5ade90b7]
VM state: not at safepoint (not fully initialized)

VM Mutex/Monitor currently owned by a thread:  ([mutex/lock_event])
[0x00007ffc5b76fab8] Heap_lock - owner thread: 0x00000294df602130

Heap address: 0x000000070a000000, size: 3936 MB, Compressed Oops mode: Zero based, Oop shift amount: 3

CDS archive(s) mapped at: [0x0000000000000000-0x0000000000000000-0x0000000000000000), size 0, SharedBaseAddress: 0x0000000800000000, ArchiveRelocationMode: 1.
Narrow klass base: 0x0000000000000000, Narrow klass shift: 0, Narrow klass range: 0x0

GC Precious Log:
 CardTable entry size: 512
 Card Set container configuration: InlinePtr #cards 4 size 8 Array Of Cards #cards 16 size 48 Howl #buckets 8 coarsen threshold 3686 Howl Bitmap #cards 512 size 80 coarsen threshold 460 Card regions per heap region 1 cards per card region 4096

Heap:
 garbage-first heap   total 0K, used 0K [0x000000070a000000, 0x0000000800000000)
  region size 2048K, 0 young (0K), 0 survivors (0K)
 Metaspace       used 0K, committed 0K, reserved 0K
  class space    used 0K, committed 0K, reserved 0K

Heap Regions: E=young(eden), S=young(survivor), O=old, HS=humongous(starts), HC=humongous(continues), CS=collection set, F=free, TAMS=top-at-mark-start, PB=parsable bottom

Card table byte_map: [0x00000294f5640000,0x00000294f5df0000] _byte_map_base: 0x00000294f1df0000

Marking Bits: (CMBitMap*) 0x00000294e1961c80
 Bits: [0x00000294f5df0000, 0x00000294f9b70000)

GC Heap History (0 events):
No events

Dll operation events (1 events):
Event: 0.014 Loaded shared library E:\software\IntelliJ IDEA 2025.1\jbr\bin\java.dll

Deoptimization events (0 events):
No events

Classes loaded (0 events):
No events

Classes unloaded (0 events):
No events

Classes redefined (0 events):
No events

Internal exceptions (0 events):
No events

ZGC Phase Switch (0 events):
No events

VM Operations (0 events):
No events

Memory protections (0 events):
No events

Nmethod flushes (0 events):
No events

Events (0 events):
No events


Dynamic libraries:
0x00007ff684d10000 - 0x00007ff684d1a000 	E:\software\IntelliJ IDEA 2025.1\jbr\bin\java.exe
0x00007ffcaa3e0000 - 0x00007ffcaa647000 	C:\WINDOWS\SYSTEM32\ntdll.dll
0x00007ffca8a10000 - 0x00007ffca8ad9000 	C:\WINDOWS\System32\KERNEL32.DLL
0x00007ffca7940000 - 0x00007ffca7d2f000 	C:\WINDOWS\System32\KERNELBASE.dll
0x00007ffca8030000 - 0x00007ffca817b000 	C:\WINDOWS\System32\ucrtbase.dll
0x00007ffc966e0000 - 0x00007ffc966f8000 	E:\software\IntelliJ IDEA 2025.1\jbr\bin\jli.dll
0x00007ffca13b0000 - 0x00007ffca13cb000 	E:\software\IntelliJ IDEA 2025.1\jbr\bin\VCRUNTIME140.dll
0x00007ffca8660000 - 0x00007ffca8825000 	C:\WINDOWS\System32\USER32.dll
0x00007ffca7f40000 - 0x00007ffca7f67000 	C:\WINDOWS\System32\win32u.dll
0x00007ffc944f0000 - 0x00007ffc94783000 	C:\WINDOWS\WinSxS\amd64_microsoft.windows.common-controls_6595b64144ccf1df_6.0.26100.7309_none_3e05feeae336a044\COMCTL32.dll
0x00007ffcaa310000 - 0x00007ffcaa33b000 	C:\WINDOWS\System32\GDI32.dll
0x00007ffca8b60000 - 0x00007ffca8c09000 	C:\WINDOWS\System32\msvcrt.dll
0x00007ffca7760000 - 0x00007ffca788c000 	C:\WINDOWS\System32\gdi32full.dll
0x00007ffca7890000 - 0x00007ffca7933000 	C:\WINDOWS\System32\msvcp_win.dll
0x00007ffca8c10000 - 0x00007ffca8c41000 	C:\WINDOWS\System32\IMM32.DLL
0x00007ffca1520000 - 0x00007ffca152c000 	E:\software\IntelliJ IDEA 2025.1\jbr\bin\vcruntime140_1.dll
0x00007ffc8a9d0000 - 0x00007ffc8aa5d000 	E:\software\IntelliJ IDEA 2025.1\jbr\bin\msvcp140.dll
0x00007ffc5aaa0000 - 0x00007ffc5b861000 	E:\software\IntelliJ IDEA 2025.1\jbr\bin\server\jvm.dll
0x00007ffca8ec0000 - 0x00007ffca8f74000 	C:\WINDOWS\System32\ADVAPI32.dll
0x00007ffca85b0000 - 0x00007ffca8656000 	C:\WINDOWS\System32\sechost.dll
0x00007ffca9410000 - 0x00007ffca9528000 	C:\WINDOWS\System32\RPCRT4.dll
0x00007ffca8530000 - 0x00007ffca85a4000 	C:\WINDOWS\System32\WS2_32.dll
0x00007ffca7390000 - 0x00007ffca73ee000 	C:\WINDOWS\SYSTEM32\POWRPROF.dll
0x00007ffc9a400000 - 0x00007ffc9a435000 	C:\WINDOWS\SYSTEM32\WINMM.dll
0x00007ffca0850000 - 0x00007ffca085b000 	C:\WINDOWS\SYSTEM32\VERSION.dll
0x00007ffca7370000 - 0x00007ffca7384000 	C:\WINDOWS\SYSTEM32\UMPDC.dll
0x00007ffca62e0000 - 0x00007ffca62fb000 	C:\WINDOWS\SYSTEM32\kernel.appcore.dll
0x00007ffc96710000 - 0x00007ffc9671a000 	E:\software\IntelliJ IDEA 2025.1\jbr\bin\jimage.dll
0x00007ffca4ac0000 - 0x00007ffca4d02000 	C:\WINDOWS\SYSTEM32\DBGHELP.DLL
0x00007ffca9f80000 - 0x00007ffcaa305000 	C:\WINDOWS\System32\combase.dll
0x00007ffca8830000 - 0x00007ffca8906000 	C:\WINDOWS\System32\OLEAUT32.dll
0x00007ffc8e7e0000 - 0x00007ffc8e81c000 	C:\WINDOWS\SYSTEM32\dbgcore.DLL
0x00007ffca7530000 - 0x00007ffca75d5000 	C:\WINDOWS\System32\bcryptPrimitives.dll
0x00007ffc966c0000 - 0x00007ffc966e0000 	E:\software\IntelliJ IDEA 2025.1\jbr\bin\java.dll

dbghelp: loaded successfully - version: 4.0.5 - missing functions: none
symbol engine: initialized successfully - sym options: 0x614 - pdb path: .;E:\software\IntelliJ IDEA 2025.1\jbr\bin;C:\WINDOWS\SYSTEM32;C:\WINDOWS\WinSxS\amd64_microsoft.windows.common-controls_6595b64144ccf1df_6.0.26100.7309_none_3e05feeae336a044;E:\software\IntelliJ IDEA 2025.1\jbr\bin\server

VM Arguments:
java_command: git4idea.http.GitAskPassApp Username for 'https://gitlink.org.cn': 
java_class_path (initial): E:/software/IntelliJ IDEA 2025.1/plugins/vcs-git/lib/git4idea-rt.jar;E:/software/IntelliJ IDEA 2025.1/lib/externalProcess-rt.jar
Launcher Type: SUN_STANDARD

[Global flags]
     intx CICompilerCount                          = 4                                         {product} {ergonomic}
     uint ConcGCThreads                            = 3                                         {product} {ergonomic}
     uint G1ConcRefinementThreads                  = 10                                        {product} {ergonomic}
   size_t G1HeapRegionSize                         = 2097152                                   {product} {ergonomic}
    uintx GCDrainStackTargetSize                   = 64                                        {product} {ergonomic}
   size_t InitialHeapSize                          = 257949696                                 {product} {ergonomic}
   size_t MarkStackSize                            = 4194304                                   {product} {ergonomic}
   size_t MaxHeapSize                              = 4127195136                                {product} {ergonomic}
   size_t MinHeapDeltaBytes                        = 2097152                                   {product} {ergonomic}
   size_t MinHeapSize                              = 8388608                                   {product} {ergonomic}
    uintx NonNMethodCodeHeapSize                   = 5839372                                {pd product} {ergonomic}
    uintx NonProfiledCodeHeapSize                  = 122909434                              {pd product} {ergonomic}
    uintx ProfiledCodeHeapSize                     = 122909434                              {pd product} {ergonomic}
    uintx ReservedCodeCacheSize                    = 251658240                              {pd product} {ergonomic}
     bool SegmentedCodeCache                       = true                                      {product} {ergonomic}
   size_t SoftMaxHeapSize                          = 4127195136                             {manageable} {ergonomic}
     bool UseCompressedOops                        = true                           {product lp64_product} {ergonomic}
     bool UseG1GC                                  = true                                      {product} {ergonomic}
     bool UseLargePagesIndividualAllocation        = false                                  {pd product} {ergonomic}

Logging:
Log output configuration:
 #0: stdout all=warning uptime,level,tags foldmultilines=false
 #1: stderr all=off uptime,level,tags foldmultilines=false

Environment Variables:
PATH=C:/Program Files/Git/mingw64/libexec/git-core;C:/Program Files/Git/mingw64/libexec/git-core;C:\Program Files\Git\mingw64\bin;C:\Program Files\Git\usr\bin;C:\Users\Lenovo\bin;C:\Windows\system32;C:\Windows;C:\Windows\System32\Wbem;C:\Windows\System32\WindowsPowerShell\v1.0\;C:\Windows\System32\OpenSSH\;C:\Program Files\PowerShell\7\;C:\WINDOWS\system32;C:\WINDOWS;C:\WINDOWS\System32\Wbem;C:\WINDOWS\System32\WindowsPowerShell\v1.0\;C:\WINDOWS\System32\OpenSSH\;C:\Program Files\nodejs\;C:\Program Files\Git\cmd;C:\Program Files\dotnet\;C:\Users\Lenovo\AppData\Local\Microsoft\WindowsApps;C:\Users\Lenovo\AppData\Local\Microsoft\WinGet\Packages\Schniz.fnm_Microsoft.Winget.Source_8wekyb3d8bbwe;C:\Users\Lenovo\AppData\Roaming\npm;E:\software\Microsoft VS Code\bin
USERNAME=Lenovo
DISPLAY=:0.0
LC_ALL=en_US.UTF-8
TERM=xterm-256color
TMPDIR=C:\Users\Lenovo\AppData\Local\Temp
OS=Windows_NT
PROCESSOR_IDENTIFIER=AMD64 Family 23 Model 96 Stepping 1, AuthenticAMD
TMP=C:\Users\Lenovo\AppData\Local\Temp
TEMP=C:\Users\Lenovo\AppData\Local\Temp




Periodic native trim disabled

JNI global refs:
JNI global refs: 0, weak refs: 0

JNI global refs memory usage: 0, weak refs: 0

Process memory usage:
Resident Set Size: 13188K (0% of 16119096K total physical memory with 2829372K free physical memory)

OOME stack traces (most recent first):
Classloader memory used:

---------------  S Y S T E M  ---------------

OS:
 Windows 11 , 64 bit Build 26100 (10.0.26100.7309)
OS uptime: 3 days 2:59 hours
Hyper-V role detected

CPU: total 12 (initial active 12) (12 cores per cpu, 2 threads per core) family 23 model 96 stepping 1 microcode 0x8600102, cx8, cmov, fxsr, ht, mmx, 3dnowpref, sse, sse2, sse3, ssse3, sse4a, sse4.1, sse4.2, popcnt, lzcnt, tsc, tscinvbit, avx, avx2, aes, clmul, bmi1, bmi2, adx, sha, fma, vzeroupper, clflush, clflushopt, hv, rdtscp, rdpid, f16c
Processor Information for the first 12 processors :
  Max Mhz: 2100, Current Mhz: 1400, Mhz Limit: 2100

Memory: 4k page, system-wide physical 15741M (2762M free)
TotalPageFile size 25002M (AvailPageFile size 192M)
current process WorkingSet (physical memory assigned to process): 12M, peak: 12M
current process commit charge ("private bytes"): 64M, peak: 310M

vm_info: OpenJDK 64-Bit Server VM (21.0.7+9-b895.130) for windows-amd64 JRE (21.0.7+9-b895.130), built on 2025-05-13 by "builduser" with MS VC++ 16.10 / 16.11 (VS2019)

END.
